[debug] [2023-04-17T09:51:56.899Z] ----------------------------------------------------------------------
[debug] [2023-04-17T09:51:56.905Z] Command:       C:\Program Files\nodejs\node.exe C:\Users\MJ\AppData\Roaming\npm\node_modules\firebase-tools\lib\bin\firebase.js init
[debug] [2023-04-17T09:51:56.907Z] CLI Version:   11.27.0
[debug] [2023-04-17T09:51:56.907Z] Platform:      win32
[debug] [2023-04-17T09:51:56.907Z] Node Version:  v18.15.0
[debug] [2023-04-17T09:51:56.909Z] Time:          Mon Apr 17 2023 16:51:56 GMT+0700 (เวลาอินโดจีน)
[debug] [2023-04-17T09:51:56.910Z] ----------------------------------------------------------------------
[debug] 
[debug] [2023-04-17T09:51:56.925Z] >>> [apiv2][query] GET https://firebase-public.firebaseio.com/cli.json [none]
[debug] [2023-04-17T09:51:57.087Z] > command requires scopes: ["email","openid","https://www.googleapis.com/auth/cloudplatformprojects.readonly","https://www.googleapis.com/auth/firebase","https://www.googleapis.com/auth/cloud-platform"]
[debug] [2023-04-17T09:51:57.087Z] > authorizing via signed-in user (mwattanachant@gmail.com)
[info] 
     ######## #### ########  ######## ########     ###     ######  ########
     ##        ##  ##     ## ##       ##     ##  ##   ##  ##       ##
     ######    ##  ########  ######   ########  #########  ######  ######
     ##        ##  ##    ##  ##       ##     ## ##     ##       ## ##
     ##       #### ##     ## ######## ########  ##     ##  ######  ########

You're about to initialize a Firebase project in this directory:

  D:\Year3\3_2\Project Maintenance\ATKproject

[debug] [2023-04-17T09:51:58.207Z] <<< [apiv2][status] GET https://firebase-public.firebaseio.com/cli.json 200
[debug] [2023-04-17T09:51:58.208Z] <<< [apiv2][body] GET https://firebase-public.firebaseio.com/cli.json {"cloudBuildErrorAfter":1594252800000,"cloudBuildWarnAfter":1590019200000,"defaultNode10After":1594252800000,"minVersion":"3.0.5","node8DeploysDisabledAfter":1613390400000,"node8RuntimeDisabledAfter":1615809600000,"node8WarnAfter":1600128000000}
[info] 
=== Project Setup
[info] 
[info] First, let's associate this project directory with a Firebase project.
[info] You can create multiple project aliases by running firebase use --add, 
[info] but for now we'll just set up a default project.
[info] 
[debug] [2023-04-17T09:53:30.788Z] > refreshing access token with scopes: []
[debug] [2023-04-17T09:53:30.789Z] >>> [apiv2][query] POST https://www.googleapis.com/oauth2/v3/token [none]
[debug] [2023-04-17T09:53:30.790Z] >>> [apiv2][body] POST https://www.googleapis.com/oauth2/v3/token [omitted]
[debug] [2023-04-17T09:53:31.400Z] <<< [apiv2][status] POST https://www.googleapis.com/oauth2/v3/token 200
[debug] [2023-04-17T09:53:31.400Z] <<< [apiv2][body] POST https://www.googleapis.com/oauth2/v3/token [omitted]
[debug] [2023-04-17T09:53:31.430Z] >>> [apiv2][query] GET https://firebase.googleapis.com/v1beta1/projects pageSize=100
[debug] [2023-04-17T09:53:32.929Z] <<< [apiv2][status] GET https://firebase.googleapis.com/v1beta1/projects 200
[debug] [2023-04-17T09:53:32.930Z] <<< [apiv2][body] GET https://firebase.googleapis.com/v1beta1/projects [omitted]
